<?xml version="1.0" encoding="UTF-8"?>
<testsuite xmlns:xsi="http://www.w3.org/2001/XMLSchema-instance" xsi:noNamespaceSchemaLocation="https://maven.apache.org/surefire/maven-surefire-plugin/xsd/surefire-test-report-3.0.xsd" version="3.0" name="com.rolliedev.BellmanFordOnDirectedGraphTest" time="0.001" tests="5" errors="0" skipped="0" failures="0">
  <properties>
    <property name="java.specification.version" value="16"/>
    <property name="sun.jnu.encoding" value="UTF-8"/>
    <property name="java.class.path" value="/home/roland/all/Documents/bp/chinese_postman/target/test-classes:/home/roland/all/Documents/bp/chinese_postman/target/classes:/home/roland/.m2/repository/com/google/guava/guava/31.1-jre/guava-31.1-jre.jar:/home/roland/.m2/repository/com/google/guava/failureaccess/1.0.1/failureaccess-1.0.1.jar:/home/roland/.m2/repository/com/google/guava/listenablefuture/9999.0-empty-to-avoid-conflict-with-guava/listenablefuture-9999.0-empty-to-avoid-conflict-with-guava.jar:/home/roland/.m2/repository/com/google/code/findbugs/jsr305/3.0.2/jsr305-3.0.2.jar:/home/roland/.m2/repository/org/checkerframework/checker-qual/3.12.0/checker-qual-3.12.0.jar:/home/roland/.m2/repository/com/google/errorprone/error_prone_annotations/2.11.0/error_prone_annotations-2.11.0.jar:/home/roland/.m2/repository/com/google/j2objc/j2objc-annotations/1.3/j2objc-annotations-1.3.jar:/home/roland/.m2/repository/com/github/dpaukov/combinatoricslib3/3.3.3/combinatoricslib3-3.3.3.jar:/home/roland/.m2/repository/junit/junit/4.13.2/junit-4.13.2.jar:/home/roland/.m2/repository/org/hamcrest/hamcrest-core/1.3/hamcrest-core-1.3.jar:"/>
    <property name="java.vm.vendor" value="Oracle Corporation"/>
    <property name="sun.arch.data.model" value="64"/>
    <property name="java.vendor.url" value="https://java.oracle.com/"/>
    <property name="os.name" value="Linux"/>
    <property name="java.vm.specification.version" value="16"/>
    <property name="sun.java.launcher" value="SUN_STANDARD"/>
    <property name="user.country" value="RU"/>
    <property name="sun.boot.library.path" value="/home/roland/.jdks/openjdk-16.0.2/lib"/>
    <property name="sun.java.command" value="/home/roland/all/Documents/bp/chinese_postman/target/surefire/surefirebooter-20230526151500059_3.jar /home/roland/all/Documents/bp/chinese_postman/target/surefire 2023-05-26T15-14-59_803-jvmRun1 surefire-20230526151500059_1tmp surefire_0-20230526151500059_2tmp"/>
    <property name="jdk.debug" value="release"/>
    <property name="surefire.test.class.path" value="/home/roland/all/Documents/bp/chinese_postman/target/test-classes:/home/roland/all/Documents/bp/chinese_postman/target/classes:/home/roland/.m2/repository/com/google/guava/guava/31.1-jre/guava-31.1-jre.jar:/home/roland/.m2/repository/com/google/guava/failureaccess/1.0.1/failureaccess-1.0.1.jar:/home/roland/.m2/repository/com/google/guava/listenablefuture/9999.0-empty-to-avoid-conflict-with-guava/listenablefuture-9999.0-empty-to-avoid-conflict-with-guava.jar:/home/roland/.m2/repository/com/google/code/findbugs/jsr305/3.0.2/jsr305-3.0.2.jar:/home/roland/.m2/repository/org/checkerframework/checker-qual/3.12.0/checker-qual-3.12.0.jar:/home/roland/.m2/repository/com/google/errorprone/error_prone_annotations/2.11.0/error_prone_annotations-2.11.0.jar:/home/roland/.m2/repository/com/google/j2objc/j2objc-annotations/1.3/j2objc-annotations-1.3.jar:/home/roland/.m2/repository/com/github/dpaukov/combinatoricslib3/3.3.3/combinatoricslib3-3.3.3.jar:/home/roland/.m2/repository/junit/junit/4.13.2/junit-4.13.2.jar:/home/roland/.m2/repository/org/hamcrest/hamcrest-core/1.3/hamcrest-core-1.3.jar:"/>
    <property name="sun.cpu.endian" value="little"/>
    <property name="user.home" value="/home/roland"/>
    <property name="user.language" value="ru"/>
    <property name="java.specification.vendor" value="Oracle Corporation"/>
    <property name="java.version.date" value="2021-07-20"/>
    <property name="java.home" value="/home/roland/.jdks/openjdk-16.0.2"/>
    <property name="file.separator" value="/"/>
    <property name="basedir" value="/home/roland/all/Documents/bp/chinese_postman"/>
    <property name="java.vm.compressedOopsMode" value="32-bit"/>
    <property name="line.separator" value="&#10;"/>
    <property name="java.vm.specification.vendor" value="Oracle Corporation"/>
    <property name="java.specification.name" value="Java Platform API Specification"/>
    <property name="surefire.real.class.path" value="/home/roland/all/Documents/bp/chinese_postman/target/surefire/surefirebooter-20230526151500059_3.jar"/>
    <property name="sun.management.compiler" value="HotSpot 64-Bit Tiered Compilers"/>
    <property name="java.runtime.version" value="16.0.2+7-67"/>
    <property name="user.name" value="roland"/>
    <property name="path.separator" value=":"/>
    <property name="os.version" value="5.11.0-25-generic"/>
    <property name="java.runtime.name" value="OpenJDK Runtime Environment"/>
    <property name="file.encoding" value="UTF-8"/>
    <property name="java.vm.name" value="OpenJDK 64-Bit Server VM"/>
    <property name="localRepository" value="/home/roland/.m2/repository"/>
    <property name="java.vendor.url.bug" value="https://bugreport.java.com/bugreport/"/>
    <property name="java.io.tmpdir" value="/tmp"/>
    <property name="idea.version" value="2023.1.2"/>
    <property name="java.version" value="16.0.2"/>
    <property name="user.dir" value="/home/roland/all/Documents/bp/chinese_postman"/>
    <property name="os.arch" value="amd64"/>
    <property name="java.vm.specification.name" value="Java Virtual Machine Specification"/>
    <property name="java.library.path" value="/usr/java/packages/lib:/usr/lib64:/lib64:/lib:/usr/lib"/>
    <property name="java.vm.info" value="mixed mode, sharing"/>
    <property name="java.vendor" value="Oracle Corporation"/>
    <property name="java.vm.version" value="16.0.2+7-67"/>
    <property name="sun.io.unicode.encoding" value="UnicodeLittle"/>
    <property name="java.class.version" value="60.0"/>
  </properties>
  <testcase name="test2ForGraph1" classname="com.rolliedev.BellmanFordOnDirectedGraphTest" time="0.001"/>
  <testcase name="test1ForGraph1" classname="com.rolliedev.BellmanFordOnDirectedGraphTest" time="0"/>
  <testcase name="test1ForGraph2" classname="com.rolliedev.BellmanFordOnDirectedGraphTest" time="0"/>
  <testcase name="test1ForGraph3" classname="com.rolliedev.BellmanFordOnDirectedGraphTest" time="0"/>
  <testcase name="test1ForGraph4" classname="com.rolliedev.BellmanFordOnDirectedGraphTest" time="0"/>
</testsuite>